<?xml version="1.0" encoding="UTF-8"?>
<testsuite name="com.zoho.restcountries.RestCountryServiceApplicationTests" tests="2" skipped="0" failures="0" errors="0" timestamp="2025-07-13T13:55:42.692Z" hostname="DESKTOP-AJK2VM0" time="1.581">
  <properties/>
  <testcase name="contextLoads()" classname="com.zoho.restcountries.RestCountryServiceApplicationTests" time="1.309"/>
  <testcase name="testGetCountry()" classname="com.zoho.restcountries.RestCountryServiceApplicationTests" time="0.266"/>
  <system-out><![CDATA[19:25:39.142 [Test worker] INFO org.springframework.test.context.support.AnnotationConfigContextLoaderUtils -- Could not detect default configuration classes for test class [com.zoho.restcountries.RestCountryServiceApplicationTests]: RestCountryServiceApplicationTests does not declare any static, non-private, non-final, nested classes annotated with @Configuration.
19:25:39.383 [Test worker] INFO org.springframework.boot.test.context.SpringBootTestContextBootstrapper -- Found @SpringBootConfiguration com.zoho.restcountries.RestCountryServiceApplication for test class com.zoho.restcountries.RestCountryServiceApplicationTests

  .   ____          _            __ _ _
 /\\ / ___'_ __ _ _(_)_ __  __ _ \ \ \ \
( ( )\___ | '_ | '_| | '_ \/ _` | \ \ \ \
 \\/  ___)| |_)| | | | | || (_| |  ) ) ) )
  '  |____| .__|_| |_|_| |_\__, | / / / /
 =========|_|==============|___/=/_/_/_/

 :: Spring Boot ::                (v3.5.3)

2025-07-13T19:25:40.237+05:30  INFO 9280 --- [    Test worker] c.z.r.RestCountryServiceApplicationTests : Starting RestCountryServiceApplicationTests using Java 17.0.12 with PID 9280 (started by Administrator in F:\6411839_week4_spring rest and api\RestCountryService)
2025-07-13T19:25:40.240+05:30  INFO 9280 --- [    Test worker] c.z.r.RestCountryServiceApplicationTests : No active profile set, falling back to 1 default profile: "default"
2025-07-13T19:25:42.461+05:30  INFO 9280 --- [    Test worker] o.s.b.t.m.w.SpringBootMockServletContext : Initializing Spring TestDispatcherServlet ''
2025-07-13T19:25:42.461+05:30  INFO 9280 --- [    Test worker] o.s.t.web.servlet.TestDispatcherServlet  : Initializing Servlet ''
2025-07-13T19:25:42.469+05:30  INFO 9280 --- [    Test worker] o.s.t.web.servlet.TestDispatcherServlet  : Completed initialization in 4 ms
2025-07-13T19:25:42.643+05:30  INFO 9280 --- [    Test worker] c.z.r.RestCountryServiceApplicationTests : Started RestCountryServiceApplicationTests in 2.91 seconds (process running for 5.609)
]]></system-out>
  <system-err><![CDATA[]]></system-err>
</testsuite>
